<?xml version="1.0" encoding="UTF-8"?>
<!-- Generated by org.testng.reporters.JUnitReportReporter -->
<testsuite hostname="LAPTOP-CF74DLS7" failures="0" tests="1" name="com.OrangeHRMApplicationTestCases.OrangeHRMApplication_EmployeeListTest" time="6.554" errors="0" timestamp="2024-03-05T13:01:49 IST" skipped="0">
  <testcase classname="com.OrangeHRMApplicationTestCases.OrangeHRMApplication_EmployeeListTest" name="capturingAddEmployeeList" time="6.554"/>
  <system-out/>
</testsuite> <!-- com.OrangeHRMApplicationTestCases.OrangeHRMApplication_EmployeeListTest -->
