<?xml version="1.0" encoding="UTF-8"?>
<!-- Generated by org.testng.reporters.JUnitReportReporter -->
<testsuite hostname="LAPTOP-CF74DLS7" failures="0" tests="3" name="com.OrangeHRMApplicationTestCases.OrangeHRMApplication_LogInTest" time="39.556" errors="0" timestamp="2024-03-05T13:01:49 IST" skipped="0">
  <testcase classname="com.OrangeHRMApplicationTestCases.OrangeHRMApplication_LogInTest" name="OHRMApplicationData" time="0.931"/>
  <system-out/>
  <testcase classname="com.OrangeHRMApplicationTestCases.OrangeHRMApplication_LogInTest" name="OHRMApplicaationData" time="0.020"/>
  <system-out/>
  <testcase classname="com.OrangeHRMApplicationTestCases.OrangeHRMApplication_LogInTest" name="validatingOHRMData" time="38.605"/>
  <system-out/>
</testsuite> <!-- com.OrangeHRMApplicationTestCases.OrangeHRMApplication_LogInTest -->
